<?xml version="1.0" encoding="UTF-8"?>
<testsuite xmlns:xsi="http://www.w3.org/2001/XMLSchema-instance" xsi:noNamespaceSchemaLocation="https://maven.apache.org/surefire/maven-surefire-plugin/xsd/surefire-test-report.xsd" name="ein.ApplicationTests" time="0.442" tests="1" errors="1" skipped="0" failures="0">
  <properties>
[...]
</properties>
  <testcase name="initializationError" classname="ein.ApplicationTests" time="0.002">
    <error message="Unable to find a @SpringBootConfiguration, you need to use @ContextConfiguration or @SpringBootTest(classes=...) with your test" type="java.lang.IllegalStateException">java.lang.IllegalStateException: Unable to find a @SpringBootConfiguration, you need to use @ContextConfiguration or @SpringBootTest(classes=...) with your test
</error>
    <system-out><![CDATA[18:09:43.528 [main] DEBUG org.springframework.test.context.junit4.SpringJUnit4ClassRunner - SpringJUnit4ClassRunner constructor called with [class ein.ApplicationTests]
18:09:43.536 [main] DEBUG org.springframework.test.context.BootstrapUtils - Instantiating CacheAwareContextLoaderDelegate from class [org.springframework.test.context.cache.DefaultCacheAwareContextLoaderDelegate]
18:09:43.545 [main] DEBUG org.springframework.test.context.BootstrapUtils - Instantiating BootstrapContext using constructor [public org.springframework.test.context.support.DefaultBootstrapContext(java.lang.Class,org.springframework.test.context.CacheAwareContextLoaderDelegate)]
18:09:43.572 [main] DEBUG org.springframework.test.context.BootstrapUtils - Instantiating TestContextBootstrapper for test class [ein.ApplicationTests] from class [org.springframework.boot.test.context.SpringBootTestContextBootstrapper]
18:09:43.584 [main] INFO org.springframework.boot.test.context.SpringBootTestContextBootstrapper - Neither @ContextConfiguration nor @ContextHierarchy found for test class [ein.ApplicationTests], using SpringBootContextLoader
18:09:43.588 [main] DEBUG org.springframework.test.context.support.AbstractContextLoader - Did not detect default resource location for test class [ein.ApplicationTests]: class path resource [ein/ApplicationTests-context.xml] does not exist
18:09:43.588 [main] DEBUG org.springframework.test.context.support.AbstractContextLoader - Did not detect default resource location for test class [ein.ApplicationTests]: class path resource [ein/ApplicationTestsContext.groovy] does not exist
18:09:43.588 [main] INFO org.springframework.test.context.support.AbstractContextLoader - Could not detect default resource locations for test class [ein.ApplicationTests]: no resource found for suffixes {-context.xml, Context.groovy}.
18:09:43.589 [main] INFO org.springframework.test.context.support.AnnotationConfigContextLoaderUtils - Could not detect default configuration classes for test class [ein.ApplicationTests]: ApplicationTests does not declare any static, non-private, non-final, nested classes annotated with @Configuration.
18:09:43.649 [main] DEBUG org.springframework.test.context.support.ActiveProfilesUtils - Could not find an 'annotation declaring class' for annotation type [org.springframework.test.context.ActiveProfiles] and class [ein.ApplicationTests]
18:09:43.658 [main] DEBUG org.springframework.core.env.StandardEnvironment - Adding PropertySource 'systemProperties' with lowest search precedence
18:09:43.658 [main] DEBUG org.springframework.core.env.StandardEnvironment - Adding PropertySource 'systemEnvironment' with lowest search precedence
18:09:43.659 [main] DEBUG org.springframework.core.env.StandardEnvironment - Initialized StandardEnvironment with PropertySources [MapPropertySource@364604394 {name='systemProperties', properties={java.runtime.name=Java(TM) SE Runtime Environment, sun.boot.library.path=D:\Program Files\Java\jdk1.8.0_131\jre\bin, java.vm.version=25.131-b11, java.vm.vendor=Oracle Corporation, java.vendor.url=http://java.oracle.com/, path.separator=;, java.vm.name=Java HotSpot(TM) 64-Bit Server VM, file.encoding.pkg=sun.io, user.country=CN, user.script=, sun.java.launcher=SUN_STANDARD, sun.os.patch.level=Service Pack 1, java.vm.specification.name=Java Virtual Machine Specification, user.dir=E:\eclipse-workspace\ein, java.runtime.version=1.8.0_131-b11, basedir=E:\eclipse-workspace\ein, java.awt.graphicsenv=sun.awt.Win32GraphicsEnvironment, java.endorsed.dirs=D:\Program Files\Java\jdk1.8.0_131\jre\lib\endorsed, os.arch=amd64, surefire.real.class.path=C:\Users\liyuheng\AppData\Local\Temp\surefire8965405461642235059\surefirebooter7252687006182899523.jar, java.io.tmpdir=C:\Users\liyuheng\AppData\Local\Temp\, line.separator=
, java.vm.specification.vendor=Oracle Corporation, user.variant=, os.name=Windows 7, sun.jnu.encoding=GBK, java.library.path=D:\Program Files\Java\jdk1.8.0_131\jre\bin;C:\windows\Sun\Java\bin;C:\windows\system32;C:\windows;D:/Program Files/Java/jre1.8.0_131/bin/server;D:/Program Files/Java/jre1.8.0_131/bin;D:/Program Files/Java/jre1.8.0_131/lib/amd64;C:\ProgramData\Oracle\Java\javapath;D:\app\administrator\product\11.2.0\client_1\bin;D:\Program Files\Java\jdk1.8.0_131\bin;D:\Program Files\Java\jdk1.8.0_131\jre\bin; C:\windows\system32;C:\windows;C:\windows\system32\WBEM ;C:\windows\system32\;C:\Program Files\dotnet\;C:\Program Files\Git\cmd;D:\Program Files\nodejs\;d:\Program Files (x86)\Microsoft VS Code\bin;C:\windows\system32\wbem;D:\PROGRA~2\IBM\SQLLIB\BIN;D:\PROGRA~2\IBM\SQLLIB\FUNCTION;D:\PROGRA~2\IBM\SQLLIB\SAMPLES\REPL;E:\vs-workspace\Drivers\instantclient_11_2\NETWORK\ADMIN;D:\Program Files\TortoiseSVN\bin;D:\Program Files (x86)\Microsoft SQL Server\100\Tools\Binn\;D:\Program Files\Microsoft SQL Server\100\Tools\Binn\;D:\Program Files\Microsoft SQL Server\100\DTS\Binn\;D:\Program Files (x86)\Microsoft SQL Server\100\Tools\Binn\VSShell\Common7\IDE\;C:\Program Files (x86)\Microsoft Visual Studio 9.0\Common7\IDE\PrivateAssemblies\;D:\Program Files (x86)\Microsoft SQL Server\100\DTS\Binn\;E:\Environment\apache-maven-3.6.0\bin;E:\Environment\mysql-5.7.24-winx64\bin;E:\vs-workspace\Drivers\instantclient_11_2\NETWORK\ADMIN;E:\Environment\eclipse;;., surefire.test.class.path=E:\eclipse-workspace\ein\target\test-classes;E:\eclipse-workspace\ein\target\classes;E:\Environment\apache-maven-3.6.0\maven_repository\org\springframework\boot\spring-boot-starter-web\2.0.7.RELEASE\spring-boot-starter-web-2.0.7.RELEASE.jar;E:\Environment\apache-maven-3.6.0\maven_repository\org\springframework\boot\spring-boot-starter\2.0.7.RELEASE\spring-boot-starter-2.0.7.RELEASE.jar;E:\Environment\apache-maven-3.6.0\maven_repository\org\springframework\boot\spring-boot-starter-logging\2.0.7.RELEASE\spring-boot-starter-logging-2.0.7.RELEASE.jar;E:\Environment\apache-maven-3.6.0\maven_repository\ch\qos\logback\logback-classic\1.2.3\logback-classic-1.2.3.jar;E:\Environment\apache-maven-3.6.0\maven_repository\ch\qos\logback\logback-core\1.2.3\logback-core-1.2.3.jar;E:\Environment\apache-maven-3.6.0\maven_repository\org\apache\logging\log4j\log4j-to-slf4j\2.10.0\log4j-to-slf4j-2.10.0.jar;E:\Environment\apache-maven-3.6.0\maven_repository\org\apache\logging\log4j\log4j-api\2.10.0\log4j-api-2.10.0.jar;E:\Environment\apache-maven-3.6.0\maven_repository\org\slf4j\jul-to-slf4j\1.7.25\jul-to-slf4j-1.7.25.jar;E:\Environment\apache-maven-3.6.0\maven_repository\javax\annotation\javax.annotation-api\1.3.2\javax.annotation-api-1.3.2.jar;E:\Environment\apache-maven-3.6.0\maven_repository\org\yaml\snakeyaml\1.19\snakeyaml-1.19.jar;E:\Environment\apache-maven-3.6.0\maven_repository\org\springframework\boot\spring-boot-starter-json\2.0.7.RELEASE\spring-boot-starter-json-2.0.7.RELEASE.jar;E:\Environment\apache-maven-3.6.0\maven_repository\com\fasterxml\jackson\datatype\jackson-datatype-jdk8\2.9.7\jackson-datatype-jdk8-2.9.7.jar;E:\Environment\apache-maven-3.6.0\maven_repository\com\fasterxml\jackson\datatype\jackson-datatype-jsr310\2.9.7\jackson-datatype-jsr310-2.9.7.jar;E:\Environment\apache-maven-3.6.0\maven_repository\com\fasterxml\jackson\module\jackson-module-parameter-names\2.9.7\jackson-module-parameter-names-2.9.7.jar;E:\Environment\apache-maven-3.6.0\maven_repository\org\hibernate\validator\hibernate-validator\6.0.13.Final\hibernate-validator-6.0.13.Final.jar;E:\Environment\apache-maven-3.6.0\maven_repository\javax\validation\validation-api\2.0.1.Final\validation-api-2.0.1.Final.jar;E:\Environment\apache-maven-3.6.0\maven_repository\org\jboss\logging\jboss-logging\3.3.2.Final\jboss-logging-3.3.2.Final.jar;E:\Environment\apache-maven-3.6.0\maven_repository\org\springframework\spring-web\5.0.11.RELEASE\spring-web-5.0.11.RELEASE.jar;E:\Environment\apache-maven-3.6.0\maven_repository\org\springframework\spring-beans\5.0.11.RELEASE\spring-beans-5.0.11.RELEASE.jar;E:\Environment\apache-maven-3.6.0\maven_repository\org\springframework\spring-webmvc\5.0.11.RELEASE\spring-webmvc-5.0.11.RELEASE.jar;E:\Environment\apache-maven-3.6.0\maven_repository\org\springframework\spring-aop\5.0.11.RELEASE\spring-aop-5.0.11.RELEASE.jar;E:\Environment\apache-maven-3.6.0\maven_repository\org\springframework\spring-context\5.0.11.RELEASE\spring-context-5.0.11.RELEASE.jar;E:\Environment\apache-maven-3.6.0\maven_repository\org\springframework\spring-expression\5.0.11.RELEASE\spring-expression-5.0.11.RELEASE.jar;E:\Environment\apache-maven-3.6.0\maven_repository\org\springframework\boot\spring-boot-starter-test\2.0.7.RELEASE\spring-boot-starter-test-2.0.7.RELEASE.jar;E:\Environment\apache-maven-3.6.0\maven_repository\org\springframework\boot\spring-boot-test\2.0.7.RELEASE\spring-boot-test-2.0.7.RELEASE.jar;E:\Environment\apache-maven-3.6.0\maven_repository\org\springframework\boot\spring-boot-test-autoconfigure\2.0.7.RELEASE\spring-boot-test-autoconfigure-2.0.7.RELEASE.jar;E:\Environment\apache-maven-3.6.0\maven_repository\com\jayway\jsonpath\json-path\2.4.0\json-path-2.4.0.jar;E:\Environment\apache-maven-3.6.0\maven_repository\net\minidev\json-smart\2.3\json-smart-2.3.jar;E:\Environment\apache-maven-3.6.0\maven_repository\net\minidev\accessors-smart\1.2\accessors-smart-1.2.jar;E:\Environment\apache-maven-3.6.0\maven_repository\org\ow2\asm\asm\5.0.4\asm-5.0.4.jar;E:\Environment\apache-maven-3.6.0\maven_repository\org\assertj\assertj-core\3.9.1\assertj-core-3.9.1.jar;E:\Environment\apache-maven-3.6.0\maven_repository\org\mockito\mockito-core\2.15.0\mockito-core-2.15.0.jar;E:\Environment\apache-maven-3.6.0\maven_repository\org\objenesis\objenesis\2.6\objenesis-2.6.jar;E:\Environment\apache-maven-3.6.0\maven_repository\org\hamcrest\hamcrest-core\1.3\hamcrest-core-1.3.jar;E:\Environment\apache-maven-3.6.0\maven_repository\org\hamcrest\hamcrest-library\1.3\hamcrest-library-1.3.jar;E:\Environment\apache-maven-3.6.0\maven_repository\org\skyscreamer\jsonassert\1.5.0\jsonassert-1.5.0.jar;E:\Environment\apache-maven-3.6.0\maven_repository\com\vaadin\external\google\android-json\0.0.20131108.vaadin1\android-json-0.0.20131108.vaadin1.jar;E:\Environment\apache-maven-3.6.0\maven_repository\org\springframework\spring-core\5.0.11.RELEASE\spring-core-5.0.11.RELEASE.jar;E:\Environment\apache-maven-3.6.0\maven_repository\org\springframework\spring-jcl\5.0.11.RELEASE\spring-jcl-5.0.11.RELEASE.jar;E:\Environment\apache-maven-3.6.0\maven_repository\org\springframework\spring-test\5.0.11.RELEASE\spring-test-5.0.11.RELEASE.jar;E:\Environment\apache-maven-3.6.0\maven_repository\org\xmlunit\xmlunit-core\2.5.1\xmlunit-core-2.5.1.jar;E:\Environment\apache-maven-3.6.0\maven_repository\org\mybatis\spring\boot\mybatis-spring-boot-starter\1.3.2\mybatis-spring-boot-starter-1.3.2.jar;E:\Environment\apache-maven-3.6.0\maven_repository\org\springframework\boot\spring-boot-starter-jdbc\2.0.7.RELEASE\spring-boot-starter-jdbc-2.0.7.RELEASE.jar;E:\Environment\apache-maven-3.6.0\maven_repository\com\zaxxer\HikariCP\2.7.9\HikariCP-2.7.9.jar;E:\Environment\apache-maven-3.6.0\maven_repository\org\springframework\spring-jdbc\5.0.11.RELEASE\spring-jdbc-5.0.11.RELEASE.jar;E:\Environment\apache-maven-3.6.0\maven_repository\org\springframework\spring-tx\5.0.11.RELEASE\spring-tx-5.0.11.RELEASE.jar;E:\Environment\apache-maven-3.6.0\maven_repository\org\mybatis\spring\boot\mybatis-spring-boot-autoconfigure\1.3.2\mybatis-spring-boot-autoconfigure-1.3.2.jar;E:\Environment\apache-maven-3.6.0\maven_repository\org\mybatis\mybatis\3.4.6\mybatis-3.4.6.jar;E:\Environment\apache-maven-3.6.0\maven_repository\org\mybatis\mybatis-spring\1.3.2\mybatis-spring-1.3.2.jar;E:\Environment\apache-maven-3.6.0\maven_repository\mysql\mysql-connector-java\5.1.47\mysql-connector-java-5.1.47.jar;E:\Environment\apache-maven-3.6.0\maven_repository\com\microsoft\sqlserver\mssql-jdbc\6.4.0.jre8\mssql-jdbc-6.4.0.jre8.jar;E:\Environment\apache-maven-3.6.0\maven_repository\com\alibaba\fastjson\1.2.54\fastjson-1.2.54.jar;E:\Environment\apache-maven-3.6.0\maven_repository\com\alibaba\druid-spring-boot-starter\1.1.9\druid-spring-boot-starter-1.1.9.jar;E:\Environment\apache-maven-3.6.0\maven_repository\com\alibaba\druid\1.1.9\druid-1.1.9.jar;E:\Environment\apache-maven-3.6.0\maven_repository\org\slf4j\slf4j-api\1.7.25\slf4j-api-1.7.25.jar;E:\Environment\apache-maven-3.6.0\maven_repository\org\springframework\boot\spring-boot-autoconfigure\2.0.7.RELEASE\spring-boot-autoconfigure-2.0.7.RELEASE.jar;E:\Environment\apache-maven-3.6.0\maven_repository\org\springframework\boot\spring-boot-starter-thymeleaf\2.0.7.RELEASE\spring-boot-starter-thymeleaf-2.0.7.RELEASE.jar;E:\Environment\apache-maven-3.6.0\maven_repository\org\thymeleaf\thymeleaf-spring5\3.0.11.RELEASE\thymeleaf-spring5-3.0.11.RELEASE.jar;E:\Environment\apache-maven-3.6.0\maven_repository\org\thymeleaf\thymeleaf\3.0.11.RELEASE\thymeleaf-3.0.11.RELEASE.jar;E:\Environment\apache-maven-3.6.0\maven_repository\org\attoparser\attoparser\2.0.5.RELEASE\attoparser-2.0.5.RELEASE.jar;E:\Environment\apache-maven-3.6.0\maven_repository\org\unbescape\unbescape\1.1.6.RELEASE\unbescape-1.1.6.RELEASE.jar;E:\Environment\apache-maven-3.6.0\maven_repository\org\thymeleaf\extras\thymeleaf-extras-java8time\3.0.2.RELEASE\thymeleaf-extras-java8time-3.0.2.RELEASE.jar;E:\Environment\apache-maven-3.6.0\maven_repository\commons-lang\commons-lang\2.6\commons-lang-2.6.jar;E:\Environment\apache-maven-3.6.0\maven_repository\commons-collections\commons-collections\3.2.2\commons-collections-3.2.2.jar;E:\Environment\apache-maven-3.6.0\maven_repository\org\apache\commons\commons-pool2\2.5.0\commons-pool2-2.5.0.jar;E:\Environment\apache-maven-3.6.0\maven_repository\commons-codec\commons-codec\1.11\commons-codec-1.11.jar;E:\Environment\apache-maven-3.6.0\maven_repository\com\google\zxing\core\3.3.0\core-3.3.0.jar;E:\Environment\apache-maven-3.6.0\maven_repository\io\jsonwebtoken\jjwt\0.7.0\jjwt-0.7.0.jar;E:\Environment\apache-maven-3.6.0\maven_repository\com\fasterxml\jackson\core\jackson-databind\2.9.7\jackson-databind-2.9.7.jar;E:\Environment\apache-maven-3.6.0\maven_repository\com\fasterxml\jackson\core\jackson-annotations\2.9.0\jackson-annotations-2.9.0.jar;E:\Environment\apache-maven-3.6.0\maven_repository\com\fasterxml\jackson\core\jackson-core\2.9.7\jackson-core-2.9.7.jar;E:\Environment\apache-maven-3.6.0\maven_repository\junit\junit\4.12\junit-4.12.jar;E:\Environment\apache-maven-3.6.0\maven_repository\org\springframework\boot\spring-boot-devtools\2.0.7.RELEASE\spring-boot-devtools-2.0.7.RELEASE.jar;E:\Environment\apache-maven-3.6.0\maven_repository\org\springframework\boot\spring-boot\2.0.7.RELEASE\spring-boot-2.0.7.RELEASE.jar;E:\Environment\apache-maven-3.6.0\maven_repository\io\springfox\springfox-swagger2\2.8.0\springfox-swagger2-2.8.0.jar;E:\Environment\apache-maven-3.6.0\maven_repository\io\swagger\swagger-annotations\1.5.14\swagger-annotations-1.5.14.jar;E:\Environment\apache-maven-3.6.0\maven_repository\io\swagger\swagger-models\1.5.14\swagger-models-1.5.14.jar;E:\Environment\apache-maven-3.6.0\maven_repository\io\springfox\springfox-spi\2.8.0\springfox-spi-2.8.0.jar;E:\Environment\apache-maven-3.6.0\maven_repository\io\springfox\springfox-core\2.8.0\springfox-core-2.8.0.jar;E:\Environment\apache-maven-3.6.0\maven_repository\io\springfox\springfox-schema\2.8.0\springfox-schema-2.8.0.jar;E:\Environment\apache-maven-3.6.0\maven_repository\io\springfox\springfox-swagger-common\2.8.0\springfox-swagger-common-2.8.0.jar;E:\Environment\apache-maven-3.6.0\maven_repository\io\springfox\springfox-spring-web\2.8.0\springfox-spring-web-2.8.0.jar;E:\Environment\apache-maven-3.6.0\maven_repository\org\reflections\reflections\0.9.11\reflections-0.9.11.jar;E:\Environment\apache-maven-3.6.0\maven_repository\org\javassist\javassist\3.21.0-GA\javassist-3.21.0-GA.jar;E:\Environment\apache-maven-3.6.0\maven_repository\com\google\guava\guava\20.0\guava-20.0.jar;E:\Environment\apache-maven-3.6.0\maven_repository\com\fasterxml\classmate\1.3.4\classmate-1.3.4.jar;E:\Environment\apache-maven-3.6.0\maven_repository\org\springframework\plugin\spring-plugin-core\1.2.0.RELEASE\spring-plugin-core-1.2.0.RELEASE.jar;E:\Environment\apache-maven-3.6.0\maven_repository\org\springframework\plugin\spring-plugin-metadata\1.2.0.RELEASE\spring-plugin-metadata-1.2.0.RELEASE.jar;E:\Environment\apache-maven-3.6.0\maven_repository\org\mapstruct\mapstruct\1.2.0.Final\mapstruct-1.2.0.Final.jar;E:\Environment\apache-maven-3.6.0\maven_repository\io\springfox\springfox-swagger-ui\2.8.0\springfox-swagger-ui-2.8.0.jar;E:\Environment\apache-maven-3.6.0\maven_repository\net\bytebuddy\byte-buddy-agent\1.4.32\byte-buddy-agent-1.4.32.jar;E:\Environment\apache-maven-3.6.0\maven_repository\net\bytebuddy\byte-buddy\1.8.12\byte-buddy-1.8.12.jar;E:\Environment\apache-maven-3.6.0\maven_repository\com\github\pagehelper\pagehelper-spring-boot-starter\1.2.5\pagehelper-spring-boot-starter-1.2.5.jar;E:\Environment\apache-maven-3.6.0\maven_repository\com\github\pagehelper\pagehelper-spring-boot-autoconfigure\1.2.5\pagehelper-spring-boot-autoconfigure-1.2.5.jar;E:\Environment\apache-maven-3.6.0\maven_repository\com\github\pagehelper\pagehelper\5.1.4\pagehelper-5.1.4.jar;E:\Environment\apache-maven-3.6.0\maven_repository\com\github\jsqlparser\jsqlparser\1.0\jsqlparser-1.0.jar;, java.specification.name=Java Platform API Specification, java.class.version=52.0, sun.management.compiler=HotSpot 64-Bit Tiered Compilers, os.version=6.1, user.home=C:\Users\liyuheng, user.timezone=Asia/Shanghai, java.awt.printerjob=sun.awt.windows.WPrinterJob, file.encoding=GBK, java.specification.version=1.8, java.class.path=E:\eclipse-workspace\ein\target\test-classes;E:\eclipse-workspace\ein\target\classes;E:\Environment\apache-maven-3.6.0\maven_repository\org\springframework\boot\spring-boot-starter-web\2.0.7.RELEASE\spring-boot-starter-web-2.0.7.RELEASE.jar;E:\Environment\apache-maven-3.6.0\maven_repository\org\springframework\boot\spring-boot-starter\2.0.7.RELEASE\spring-boot-starter-2.0.7.RELEASE.jar;E:\Environment\apache-maven-3.6.0\maven_repository\org\springframework\boot\spring-boot-starter-logging\2.0.7.RELEASE\spring-boot-starter-logging-2.0.7.RELEASE.jar;E:\Environment\apache-maven-3.6.0\maven_repository\ch\qos\logback\logback-classic\1.2.3\logback-classic-1.2.3.jar;E:\Environment\apache-maven-3.6.0\maven_repository\ch\qos\logback\logback-core\1.2.3\logback-core-1.2.3.jar;E:\Environment\apache-maven-3.6.0\maven_repository\org\apache\logging\log4j\log4j-to-slf4j\2.10.0\log4j-to-slf4j-2.10.0.jar;E:\Environment\apache-maven-3.6.0\maven_repository\org\apache\logging\log4j\log4j-api\2.10.0\log4j-api-2.10.0.jar;E:\Environment\apache-maven-3.6.0\maven_repository\org\slf4j\jul-to-slf4j\1.7.25\jul-to-slf4j-1.7.25.jar;E:\Environment\apache-maven-3.6.0\maven_repository\javax\annotation\javax.annotation-api\1.3.2\javax.annotation-api-1.3.2.jar;E:\Environment\apache-maven-3.6.0\maven_repository\org\yaml\snakeyaml\1.19\snakeyaml-1.19.jar;E:\Environment\apache-maven-3.6.0\maven_repository\org\springframework\boot\spring-boot-starter-json\2.0.7.RELEASE\spring-boot-starter-json-2.0.7.RELEASE.jar;E:\Environment\apache-maven-3.6.0\maven_repository\com\fasterxml\jackson\datatype\jackson-datatype-jdk8\2.9.7\jackson-datatype-jdk8-2.9.7.jar;E:\Environment\apache-maven-3.6.0\maven_repository\com\fasterxml\jackson\datatype\jackson-datatype-jsr310\2.9.7\jackson-datatype-jsr310-2.9.7.jar;E:\Environment\apache-maven-3.6.0\maven_repository\com\fasterxml\jackson\module\jackson-module-parameter-names\2.9.7\jackson-module-parameter-names-2.9.7.jar;E:\Environment\apache-maven-3.6.0\maven_repository\org\hibernate\validator\hibernate-validator\6.0.13.Final\hibernate-validator-6.0.13.Final.jar;E:\Environment\apache-maven-3.6.0\maven_repository\javax\validation\validation-api\2.0.1.Final\validation-api-2.0.1.Final.jar;E:\Environment\apache-maven-3.6.0\maven_repository\org\jboss\logging\jboss-logging\3.3.2.Final\jboss-logging-3.3.2.Final.jar;E:\Environment\apache-maven-3.6.0\maven_repository\org\springframework\spring-web\5.0.11.RELEASE\spring-web-5.0.11.RELEASE.jar;E:\Environment\apache-maven-3.6.0\maven_repository\org\springframework\spring-beans\5.0.11.RELEASE\spring-beans-5.0.11.RELEASE.jar;E:\Environment\apache-maven-3.6.0\maven_repository\org\springframework\spring-webmvc\5.0.11.RELEASE\spring-webmvc-5.0.11.RELEASE.jar;E:\Environment\apache-maven-3.6.0\maven_repository\org\springframework\spring-aop\5.0.11.RELEASE\spring-aop-5.0.11.RELEASE.jar;E:\Environment\apache-maven-3.6.0\maven_repository\org\springframework\spring-context\5.0.11.RELEASE\spring-context-5.0.11.RELEASE.jar;E:\Environment\apache-maven-3.6.0\maven_repository\org\springframework\spring-expression\5.0.11.RELEASE\spring-expression-5.0.11.RELEASE.jar;E:\Environment\apache-maven-3.6.0\maven_repository\org\springframework\boot\spring-boot-starter-test\2.0.7.RELEASE\spring-boot-starter-test-2.0.7.RELEASE.jar;E:\Environment\apache-maven-3.6.0\maven_repository\org\springframework\boot\spring-boot-test\2.0.7.RELEASE\spring-boot-test-2.0.7.RELEASE.jar;E:\Environment\apache-maven-3.6.0\maven_repository\org\springframework\boot\spring-boot-test-autoconfigure\2.0.7.RELEASE\spring-boot-test-autoconfigure-2.0.7.RELEASE.jar;E:\Environment\apache-maven-3.6.0\maven_repository\com\jayway\jsonpath\json-path\2.4.0\json-path-2.4.0.jar;E:\Environment\apache-maven-3.6.0\maven_repository\net\minidev\json-smart\2.3\json-smart-2.3.jar;E:\Environment\apache-maven-3.6.0\maven_repository\net\minidev\accessors-smart\1.2\accessors-smart-1.2.jar;E:\Environment\apache-maven-3.6.0\maven_repository\org\ow2\asm\asm\5.0.4\asm-5.0.4.jar;E:\Environment\apache-maven-3.6.0\maven_repository\org\assertj\assertj-core\3.9.1\assertj-core-3.9.1.jar;E:\Environment\apache-maven-3.6.0\maven_repository\org\mockito\mockito-core\2.15.0\mockito-core-2.15.0.jar;E:\Environment\apache-maven-3.6.0\maven_repository\org\objenesis\objenesis\2.6\objenesis-2.6.jar;E:\Environment\apache-maven-3.6.0\maven_repository\org\hamcrest\hamcrest-core\1.3\hamcrest-core-1.3.jar;E:\Environment\apache-maven-3.6.0\maven_repository\org\hamcrest\hamcrest-library\1.3\hamcrest-library-1.3.jar;E:\Environment\apache-maven-3.6.0\maven_repository\org\skyscreamer\jsonassert\1.5.0\jsonassert-1.5.0.jar;E:\Environment\apache-maven-3.6.0\maven_repository\com\vaadin\external\google\android-json\0.0.20131108.vaadin1\android-json-0.0.20131108.vaadin1.jar;E:\Environment\apache-maven-3.6.0\maven_repository\org\springframework\spring-core\5.0.11.RELEASE\spring-core-5.0.11.RELEASE.jar;E:\Environment\apache-maven-3.6.0\maven_repository\org\springframework\spring-jcl\5.0.11.RELEASE\spring-jcl-5.0.11.RELEASE.jar;E:\Environment\apache-maven-3.6.0\maven_repository\org\springframework\spring-test\5.0.11.RELEASE\spring-test-5.0.11.RELEASE.jar;E:\Environment\apache-maven-3.6.0\maven_repository\org\xmlunit\xmlunit-core\2.5.1\xmlunit-core-2.5.1.jar;E:\Environment\apache-maven-3.6.0\maven_repository\org\mybatis\spring\boot\mybatis-spring-boot-starter\1.3.2\mybatis-spring-boot-starter-1.3.2.jar;E:\Environment\apache-maven-3.6.0\maven_repository\org\springframework\boot\spring-boot-starter-jdbc\2.0.7.RELEASE\spring-boot-starter-jdbc-2.0.7.RELEASE.jar;E:\Environment\apache-maven-3.6.0\maven_repository\com\zaxxer\HikariCP\2.7.9\HikariCP-2.7.9.jar;E:\Environment\apache-maven-3.6.0\maven_repository\org\springframework\spring-jdbc\5.0.11.RELEASE\spring-jdbc-5.0.11.RELEASE.jar;E:\Environment\apache-maven-3.6.0\maven_repository\org\springframework\spring-tx\5.0.11.RELEASE\spring-tx-5.0.11.RELEASE.jar;E:\Environment\apache-maven-3.6.0\maven_repository\org\mybatis\spring\boot\mybatis-spring-boot-autoconfigure\1.3.2\mybatis-spring-boot-autoconfigure-1.3.2.jar;E:\Environment\apache-maven-3.6.0\maven_repository\org\mybatis\mybatis\3.4.6\mybatis-3.4.6.jar;E:\Environment\apache-maven-3.6.0\maven_repository\org\mybatis\mybatis-spring\1.3.2\mybatis-spring-1.3.2.jar;E:\Environment\apache-maven-3.6.0\maven_repository\mysql\mysql-connector-java\5.1.47\mysql-connector-java-5.1.47.jar;E:\Environment\apache-maven-3.6.0\maven_repository\com\microsoft\sqlserver\mssql-jdbc\6.4.0.jre8\mssql-jdbc-6.4.0.jre8.jar;E:\Environment\apache-maven-3.6.0\maven_repository\com\alibaba\fastjson\1.2.54\fastjson-1.2.54.jar;E:\Environment\apache-maven-3.6.0\maven_repository\com\alibaba\druid-spring-boot-starter\1.1.9\druid-spring-boot-starter-1.1.9.jar;E:\Environment\apache-maven-3.6.0\maven_repository\com\alibaba\druid\1.1.9\druid-1.1.9.jar;E:\Environment\apache-maven-3.6.0\maven_repository\org\slf4j\slf4j-api\1.7.25\slf4j-api-1.7.25.jar;E:\Environment\apache-maven-3.6.0\maven_repository\org\springframework\boot\spring-boot-autoconfigure\2.0.7.RELEASE\spring-boot-autoconfigure-2.0.7.RELEASE.jar;E:\Environment\apache-maven-3.6.0\maven_repository\org\springframework\boot\spring-boot-starter-thymeleaf\2.0.7.RELEASE\spring-boot-starter-thymeleaf-2.0.7.RELEASE.jar;E:\Environment\apache-maven-3.6.0\maven_repository\org\thymeleaf\thymeleaf-spring5\3.0.11.RELEASE\thymeleaf-spring5-3.0.11.RELEASE.jar;E:\Environment\apache-maven-3.6.0\maven_repository\org\thymeleaf\thymeleaf\3.0.11.RELEASE\thymeleaf-3.0.11.RELEASE.jar;E:\Environment\apache-maven-3.6.0\maven_repository\org\attoparser\attoparser\2.0.5.RELEASE\attoparser-2.0.5.RELEASE.jar;E:\Environment\apache-maven-3.6.0\maven_repository\org\unbescape\unbescape\1.1.6.RELEASE\unbescape-1.1.6.RELEASE.jar;E:\Environment\apache-maven-3.6.0\maven_repository\org\thymeleaf\extras\thymeleaf-extras-java8time\3.0.2.RELEASE\thymeleaf-extras-java8time-3.0.2.RELEASE.jar;E:\Environment\apache-maven-3.6.0\maven_repository\commons-lang\commons-lang\2.6\commons-lang-2.6.jar;E:\Environment\apache-maven-3.6.0\maven_repository\commons-collections\commons-collections\3.2.2\commons-collections-3.2.2.jar;E:\Environment\apache-maven-3.6.0\maven_repository\org\apache\commons\commons-pool2\2.5.0\commons-pool2-2.5.0.jar;E:\Environment\apache-maven-3.6.0\maven_repository\commons-codec\commons-codec\1.11\commons-codec-1.11.jar;E:\Environment\apache-maven-3.6.0\maven_repository\com\google\zxing\core\3.3.0\core-3.3.0.jar;E:\Environment\apache-maven-3.6.0\maven_repository\io\jsonwebtoken\jjwt\0.7.0\jjwt-0.7.0.jar;E:\Environment\apache-maven-3.6.0\maven_repository\com\fasterxml\jackson\core\jackson-databind\2.9.7\jackson-databind-2.9.7.jar;E:\Environment\apache-maven-3.6.0\maven_repository\com\fasterxml\jackson\core\jackson-annotations\2.9.0\jackson-annotations-2.9.0.jar;E:\Environment\apache-maven-3.6.0\maven_repository\com\fasterxml\jackson\core\jackson-core\2.9.7\jackson-core-2.9.7.jar;E:\Environment\apache-maven-3.6.0\maven_repository\junit\junit\4.12\junit-4.12.jar;E:\Environment\apache-maven-3.6.0\maven_repository\org\springframework\boot\spring-boot-devtools\2.0.7.RELEASE\spring-boot-devtools-2.0.7.RELEASE.jar;E:\Environment\apache-maven-3.6.0\maven_repository\org\springframework\boot\spring-boot\2.0.7.RELEASE\spring-boot-2.0.7.RELEASE.jar;E:\Environment\apache-maven-3.6.0\maven_repository\io\springfox\springfox-swagger2\2.8.0\springfox-swagger2-2.8.0.jar;E:\Environment\apache-maven-3.6.0\maven_repository\io\swagger\swagger-annotations\1.5.14\swagger-annotations-1.5.14.jar;E:\Environment\apache-maven-3.6.0\maven_repository\io\swagger\swagger-models\1.5.14\swagger-models-1.5.14.jar;E:\Environment\apache-maven-3.6.0\maven_repository\io\springfox\springfox-spi\2.8.0\springfox-spi-2.8.0.jar;E:\Environment\apache-maven-3.6.0\maven_repository\io\springfox\springfox-core\2.8.0\springfox-core-2.8.0.jar;E:\Environment\apache-maven-3.6.0\maven_repository\io\springfox\springfox-schema\2.8.0\springfox-schema-2.8.0.jar;E:\Environment\apache-maven-3.6.0\maven_repository\io\springfox\springfox-swagger-common\2.8.0\springfox-swagger-common-2.8.0.jar;E:\Environment\apache-maven-3.6.0\maven_repository\io\springfox\springfox-spring-web\2.8.0\springfox-spring-web-2.8.0.jar;E:\Environment\apache-maven-3.6.0\maven_repository\org\reflections\reflections\0.9.11\reflections-0.9.11.jar;E:\Environment\apache-maven-3.6.0\maven_repository\org\javassist\javassist\3.21.0-GA\javassist-3.21.0-GA.jar;E:\Environment\apache-maven-3.6.0\maven_repository\com\google\guava\guava\20.0\guava-20.0.jar;E:\Environment\apache-maven-3.6.0\maven_repository\com\fasterxml\classmate\1.3.4\classmate-1.3.4.jar;E:\Environment\apache-maven-3.6.0\maven_repository\org\springframework\plugin\spring-plugin-core\1.2.0.RELEASE\spring-plugin-core-1.2.0.RELEASE.jar;E:\Environment\apache-maven-3.6.0\maven_repository\org\springframework\plugin\spring-plugin-metadata\1.2.0.RELEASE\spring-plugin-metadata-1.2.0.RELEASE.jar;E:\Environment\apache-maven-3.6.0\maven_repository\org\mapstruct\mapstruct\1.2.0.Final\mapstruct-1.2.0.Final.jar;E:\Environment\apache-maven-3.6.0\maven_repository\io\springfox\springfox-swagger-ui\2.8.0\springfox-swagger-ui-2.8.0.jar;E:\Environment\apache-maven-3.6.0\maven_repository\net\bytebuddy\byte-buddy-agent\1.4.32\byte-buddy-agent-1.4.32.jar;E:\Environment\apache-maven-3.6.0\maven_repository\net\bytebuddy\byte-buddy\1.8.12\byte-buddy-1.8.12.jar;E:\Environment\apache-maven-3.6.0\maven_repository\com\github\pagehelper\pagehelper-spring-boot-starter\1.2.5\pagehelper-spring-boot-starter-1.2.5.jar;E:\Environment\apache-maven-3.6.0\maven_repository\com\github\pagehelper\pagehelper-spring-boot-autoconfigure\1.2.5\pagehelper-spring-boot-autoconfigure-1.2.5.jar;E:\Environment\apache-maven-3.6.0\maven_repository\com\github\pagehelper\pagehelper\5.1.4\pagehelper-5.1.4.jar;E:\Environment\apache-maven-3.6.0\maven_repository\com\github\jsqlparser\jsqlparser\1.0\jsqlparser-1.0.jar;, user.name=liyuheng, java.vm.specification.version=1.8, sun.java.command=C:\Users\liyuheng\AppData\Local\Temp\surefire8965405461642235059\surefirebooter7252687006182899523.jar C:\Users\liyuheng\AppData\Local\Temp\surefire8965405461642235059 2018-12-17T18-09-41_786-jvmRun1 surefire7528232289331742347tmp surefire_08104084848427360794tmp, java.home=D:\Program Files\Java\jdk1.8.0_131\jre, sun.arch.data.model=64, user.language=zh, java.specification.vendor=Oracle Corporation, awt.toolkit=sun.awt.windows.WToolkit, java.vm.info=mixed mode, java.version=1.8.0_131, java.ext.dirs=D:\Program Files\Java\jdk1.8.0_131\jre\lib\ext;C:\windows\Sun\Java\lib\ext, sun.boot.class.path=D:\Program Files\Java\jdk1.8.0_131\jre\lib\resources.jar;D:\Program Files\Java\jdk1.8.0_131\jre\lib\rt.jar;D:\Program Files\Java\jdk1.8.0_131\jre\lib\sunrsasign.jar;D:\Program Files\Java\jdk1.8.0_131\jre\lib\jsse.jar;D:\Program Files\Java\jdk1.8.0_131\jre\lib\jce.jar;D:\Program Files\Java\jdk1.8.0_131\jre\lib\charsets.jar;D:\Program Files\Java\jdk1.8.0_131\jre\lib\jfr.jar;D:\Program Files\Java\jdk1.8.0_131\jre\classes, java.vendor=Oracle Corporation, localRepository=E:\Environment\apache-maven-3.6.0\maven_repository, file.separator=\, java.vendor.url.bug=http://bugreport.sun.com/bugreport/, sun.io.unicode.encoding=UnicodeLittle, sun.cpu.endian=little, sun.desktop=windows, sun.cpu.isalist=amd64}}, SystemEnvironmentPropertySource@146370526 {name='systemEnvironment', properties={PATH=D:/Program Files/Java/jre1.8.0_131/bin/server;D:/Program Files/Java/jre1.8.0_131/bin;D:/Program Files/Java/jre1.8.0_131/lib/amd64;C:\ProgramData\Oracle\Java\javapath;D:\app\administrator\product\11.2.0\client_1\bin;D:\Program Files\Java\jdk1.8.0_131\bin;D:\Program Files\Java\jdk1.8.0_131\jre\bin; C:\windows\system32;C:\windows;C:\windows\system32\WBEM ;C:\windows\system32\;C:\Program Files\dotnet\;C:\Program Files\Git\cmd;D:\Program Files\nodejs\;d:\Program Files (x86)\Microsoft VS Code\bin;C:\windows\system32\wbem;D:\PROGRA~2\IBM\SQLLIB\BIN;D:\PROGRA~2\IBM\SQLLIB\FUNCTION;D:\PROGRA~2\IBM\SQLLIB\SAMPLES\REPL;E:\vs-workspace\Drivers\instantclient_11_2\NETWORK\ADMIN;D:\Program Files\TortoiseSVN\bin;D:\Program Files (x86)\Microsoft SQL Server\100\Tools\Binn\;D:\Program Files\Microsoft SQL Server\100\Tools\Binn\;D:\Program Files\Microsoft SQL Server\100\DTS\Binn\;D:\Program Files (x86)\Microsoft SQL Server\100\Tools\Binn\VSShell\Common7\IDE\;C:\Program Files (x86)\Microsoft Visual Studio 9.0\Common7\IDE\PrivateAssemblies\;D:\Program Files (x86)\Microsoft SQL Server\100\DTS\Binn\;E:\Environment\apache-maven-3.6.0\bin;E:\Environment\mysql-5.7.24-winx64\bin;E:\vs-workspace\Drivers\instantclient_11_2\NETWORK\ADMIN;E:\Environment\eclipse;, PROCESSOR_LEVEL=6, SYSTEMDRIVE=C:, FP_NO_HOST_CHECK=NO, VS140COMNTOOLS=C:\Program Files (x86)\Microsoft Visual Studio 14.0\Common7\Tools\, SESSIONNAME=Console, ALLUSERSPROFILE=C:\ProgramData, PROCESSOR_ARCHITECTURE=AMD64, =E:=E:\eclipse-workspace\ein, PROGRAMFILES=C:\Program Files, MOZ_PLUGIN_PATH=C:\Program Files (x86)\Foxit Software\Foxit Reader\plugins\, PSMODULEPATH=C:\windows\system32\WindowsPowerShell\v1.0\Modules\, PROGRAMDATA=C:\ProgramData, USERNAME=liyuheng, USERDNSDOMAIN=EIN.COM.CN, INCLUDE=D:\PROGRA~2\IBM\SQLLIB\LIB, PATHEXT=.COM;.EXE;.BAT;.CMD;.VBS;.VBE;.JS;.JSE;.WSF;.WSH;.MSC, DSN_ADMIN=E:\vs-workspace\Drivers\instantclient_11_2\NETWORK\ADMIN, _DFX_INSTALL_UNSIGNED_DRIVER=1, WINDIR=C:\windows, HOMEPATH=\Users\liyuheng, PROCESSOR_IDENTIFIER=Intel64 Family 6 Model 58 Stepping 9, GenuineIntel, WINDOWS_TRACING_LOGFILE=C:\BVTBin\Tests\installpackage\csilogfile.log, PUBLIC=C:\Users\Public, =::=::\, DB2INSTANCE=DB2, LOCALAPPDATA=C:\Users\liyuheng\AppData\Local, COMMONPROGRAMFILES(X86)=C:\Program Files (x86)\Common Files, USERDOMAIN=EIN, LOGONSERVER=\\DC, JAVA_HOME=D:\Program Files\Java\jdk1.8.0_131, PROMPT=$P$G, FSHARPINSTALLDIR=C:\Program Files (x86)\Microsoft SDKs\F#\10.1\Framework\v4.0\, PROGRAMFILES(X86)=C:\Program Files (x86), ASL.LOG=Destination=file, WINDOWS_TRACING_FLAGS=3, APPDATA=C:\Users\liyuheng\AppData\Roaming, PROGRAMW6432=C:\Program Files, SYSTEMROOT=C:\windows, LIB=;D:\PROGRA~2\IBM\SQLLIB\LIB, OS=Windows_NT, COMMONPROGRAMW6432=C:\Program Files\Common Files, COMPUTERNAME=LIYUHENG-PC, COMMONPROGRAMFILES=C:\Program Files\Common Files, COMSPEC=C:\windows\system32\cmd.exe, DB2TEMPDIR=D:\PROGRA~2\IBM\SQLLIB\, PROCESSOR_REVISION=3a09, CLASSPATH=.;D:\Program Files\Java\jdk1.8.0_131\lib\dt.jar;D:\Program Files\Java\jdk1.8.0_131\lib\tools.jar;  ;D:\PROGRA~2\IBM\SQLLIB\java\db2java.zip;D:\PROGRA~2\IBM\SQLLIB\java\db2jcc.jar;D:\PROGRA~2\IBM\SQLLIB\java\db2jcc_license_cu.jar;D:\PROGRA~2\IBM\SQLLIB\bin;D:\PROGRA~2\IBM\SQLLIB\java\common.jar, TEMP=C:\Users\liyuheng\AppData\Local\Temp, HOMEDRIVE=C:, USERPROFILE=C:\Users\liyuheng, TMP=C:\Users\liyuheng\AppData\Local\Temp, NUMBER_OF_PROCESSORS=4}}]
18:09:43.678 [main] DEBUG org.springframework.core.io.support.PathMatchingResourcePatternResolver - Resolved classpath location [ein/] to resources [URL [file:/E:/eclipse-workspace/ein/target/test-classes/ein/]]
18:09:43.678 [main] DEBUG org.springframework.core.io.support.PathMatchingResourcePatternResolver - Looking for matching resources in directory tree [E:\eclipse-workspace\ein\target\test-classes\ein]
18:09:43.678 [main] DEBUG org.springframework.core.io.support.PathMatchingResourcePatternResolver - Searching directory [E:\eclipse-workspace\ein\target\test-classes\ein] for files matching pattern [E:/eclipse-workspace/ein/target/test-classes/ein/*.class]
18:09:43.681 [main] DEBUG org.springframework.core.io.support.PathMatchingResourcePatternResolver - Resolved location pattern [classpath*:ein/*.class] to resources [file [E:\eclipse-workspace\ein\target\test-classes\ein\ApplicationTests.class], file [E:\eclipse-workspace\ein\target\test-classes\ein\HelloController1.class]]
]]></system-out>
  </testcase>
</testsuite>